<?xml version="1.0" encoding="UTF-8"?>
<!-- Generated by org.testng.reporters.JUnitXMLReporter -->
<testsuite hostname="DESKTOP-3OR8M0T" name="Validate Title" tests="1" failures="1" timestamp="30 Apr 2019 21:15:00 GMT" time="26.524" errors="0">
  <testcase name="validateAppTitle" time="0.254" classname="RegressionTest.validateTitle">
    <failure type="junit.framework.ComparisonFailure" message="expected:&amp;lt;f...&amp;gt; but was:&amp;lt;F...&amp;gt;">
      <![CDATA[junit.framework.ComparisonFailure: expected:<f...> but was:<F...>
	at junit.framework.Assert.assertEquals(Assert.java:81)
	at junit.framework.Assert.assertEquals(Assert.java:87)
	at RegressionTest.validateTitle.validateAppTitle(validateTitle.java:29)
... Removed 24 stack frames]]>
    </failure>
  </testcase> <!-- validateAppTitle -->
</testsuite> <!-- Validate Title -->
