<?xml version="1.0" encoding="UTF-8"?>
<testng-results skipped="0" failed="0" ignored="0" total="4" passed="4">
  <reporter-output>
  </reporter-output>
  <suite name="Suite" duration-ms="167547" started-at="2019-04-30T21:33:22Z" finished-at="2019-04-30T21:36:10Z">
    <groups>
    </groups>
    <test name="Validating User Login" duration-ms="109940" started-at="2019-04-30T21:33:22Z" finished-at="2019-04-30T21:35:12Z">
      <class name="RegressionTest.HomePage">
        <test-method status="PASS" signature="basePageNavigation(java.lang.String, java.lang.String, java.lang.String)[pri:0, instance:RegressionTest.HomePage@1a451d4d]" name="basePageNavigation" duration-ms="57639" started-at="2019-04-30T21:33:22Z" data-provider="getData" finished-at="2019-04-30T21:34:20Z">
          <params>
            <param index="0">
              <value>
                <![CDATA[nonerestrictiveuser@facebook.com]]>
              </value>
            </param>
            <param index="1">
              <value>
                <![CDATA[123456]]>
              </value>
            </param>
            <param index="2">
              <value>
                <![CDATA[None Restricitive User]]>
              </value>
            </param>
          </params>
          <reporter-output>
          </reporter-output>
        </test-method> <!-- basePageNavigation -->
        <test-method status="PASS" signature="basePageNavigation(java.lang.String, java.lang.String, java.lang.String)[pri:0, instance:RegressionTest.HomePage@1a451d4d]" name="basePageNavigation" duration-ms="48316" started-at="2019-04-30T21:34:20Z" data-provider="getData" finished-at="2019-04-30T21:35:08Z">
          <params>
            <param index="0">
              <value>
                <![CDATA[restricitiveuser@facebook.com]]>
              </value>
            </param>
            <param index="1">
              <value>
                <![CDATA[678910]]>
              </value>
            </param>
            <param index="2">
              <value>
                <![CDATA[Restrictive User]]>
              </value>
            </param>
          </params>
          <reporter-output>
          </reporter-output>
        </test-method> <!-- basePageNavigation -->
        <test-method status="PASS" signature="teardown()[pri:0, instance:RegressionTest.HomePage@1a451d4d]" name="teardown" is-config="true" duration-ms="3868" started-at="2019-04-30T21:35:08Z" finished-at="2019-04-30T21:35:12Z">
          <reporter-output>
          </reporter-output>
        </test-method> <!-- teardown -->
      </class> <!-- RegressionTest.HomePage -->
    </test> <!-- Validating User Login -->
    <test name="App Test" duration-ms="0" started-at="2019-04-30T21:35:13Z" finished-at="2019-04-30T21:35:13Z">
    </test> <!-- App Test -->
    <test name="Validate Title" duration-ms="28003" started-at="2019-04-30T21:35:13Z" finished-at="2019-04-30T21:35:41Z">
      <class name="RegressionTest.validateTitle">
        <test-method status="PASS" signature="initialize()[pri:0, instance:RegressionTest.validateTitle@2dc54ad4]" name="initialize" is-config="true" duration-ms="20272" started-at="2019-04-30T21:35:13Z" finished-at="2019-04-30T21:35:33Z">
          <reporter-output>
          </reporter-output>
        </test-method> <!-- initialize -->
        <test-method status="PASS" signature="validateAppTitle()[pri:0, instance:RegressionTest.validateTitle@2dc54ad4]" name="validateAppTitle" duration-ms="3953" started-at="2019-04-30T21:35:33Z" finished-at="2019-04-30T21:35:37Z">
          <reporter-output>
          </reporter-output>
        </test-method> <!-- validateAppTitle -->
        <test-method status="PASS" signature="teardown()[pri:0, instance:RegressionTest.validateTitle@2dc54ad4]" name="teardown" is-config="true" duration-ms="3776" started-at="2019-04-30T21:35:37Z" finished-at="2019-04-30T21:35:41Z">
          <reporter-output>
          </reporter-output>
        </test-method> <!-- teardown -->
      </class> <!-- RegressionTest.validateTitle -->
    </test> <!-- Validate Title -->
    <test name="Validate Navigation Bar" duration-ms="29065" started-at="2019-04-30T21:35:41Z" finished-at="2019-04-30T21:36:10Z">
      <class name="RegressionTest.validateNavigationBar">
        <test-method status="PASS" signature="initialize()[pri:0, instance:RegressionTest.validateNavigationBar@2d710f1a]" name="initialize" is-config="true" duration-ms="27649" started-at="2019-04-30T21:35:41Z" finished-at="2019-04-30T21:36:08Z">
          <reporter-output>
          </reporter-output>
        </test-method> <!-- initialize -->
        <test-method status="PASS" signature="validateAppNavigationBar()[pri:0, instance:RegressionTest.validateNavigationBar@2d710f1a]" name="validateAppNavigationBar" duration-ms="610" started-at="2019-04-30T21:36:08Z" finished-at="2019-04-30T21:36:09Z">
          <reporter-output>
          </reporter-output>
        </test-method> <!-- validateAppNavigationBar -->
        <test-method status="PASS" signature="teardown()[pri:0, instance:RegressionTest.validateNavigationBar@2d710f1a]" name="teardown" is-config="true" duration-ms="804" started-at="2019-04-30T21:36:09Z" finished-at="2019-04-30T21:36:10Z">
          <reporter-output>
          </reporter-output>
        </test-method> <!-- teardown -->
      </class> <!-- RegressionTest.validateNavigationBar -->
    </test> <!-- Validate Navigation Bar -->
  </suite> <!-- Suite -->
</testng-results>
